[debug] [2023-03-05T16:07:12.234Z] ----------------------------------------------------------------------
[debug] [2023-03-05T16:07:12.236Z] Command:       C:\Program Files\nodejs\node.exe C:\Program Files\nodejs\node_modules\firebase-tools\lib\bin\firebase.js init
[debug] [2023-03-05T16:07:12.237Z] CLI Version:   11.24.0
[debug] [2023-03-05T16:07:12.237Z] Platform:      win32
[debug] [2023-03-05T16:07:12.237Z] Node Version:  v18.13.0
[debug] [2023-03-05T16:07:12.238Z] Time:          Sun Mar 05 2023 13:07:12 GMT-0300 (hora estándar de Uruguay)
[debug] [2023-03-05T16:07:12.238Z] ----------------------------------------------------------------------
[debug] 
[debug] [2023-03-05T16:07:12.245Z] > command requires scopes: ["email","openid","https://www.googleapis.com/auth/cloudplatformprojects.readonly","https://www.googleapis.com/auth/firebase","https://www.googleapis.com/auth/cloud-platform"]
[debug] [2023-03-05T16:07:12.246Z] > authorizing via signed-in user (adrianfr1995@gmail.com)
[info] 
     ######## #### ########  ######## ########     ###     ######  ########
     ##        ##  ##     ## ##       ##     ##  ##   ##  ##       ##
     ######    ##  ########  ######   ########  #########  ######  ######
     ##        ##  ##    ##  ##       ##     ## ##     ##       ## ##
     ##       #### ##     ## ######## ########  ##     ##  ######  ########

You're about to initialize a Firebase project in this directory:

  C:\CURSOS\REACT\a-todo-app-practice

Before we get started, keep in mind:

  * You are currently outside your home directory

